01-Apr-2025 12:26:52.793 SEVERE [http-nio-8083-exec-7] org.apache.catalina.core.StandardWrapperValve.invoke Servlet.service() for servlet [jsp] in context with path [/wapp2] threw exception [Unable to compile class for JSP: 

An error occurred at line: [161] in the jsp file: [/manageHotels.jsp]
Syntax error, insert ":: IdentifierOrNew" to complete ReferenceExpression
158:                 ps.executeUpdate();
159:                 out.println("<p style='color:green;'>Hotel inserted successfully.</p>");
160:             } else if (action.equals("Update")) {
161:                 String sql = String sql = "UPDATE hotels SET hotel_name=?, chain_name=?, hotel_address=?, stars=?::numeric, area=?, category=?, manager_sin=? WHERE hotel_id=?::int";
162: 
163:                 ps = db.prepareStatement(sql);
164:                 ps.setString(1, request.getParameter("update_name"));


An error occurred at line: [161] in the jsp file: [/manageHotels.jsp]
Syntax error, insert ";" to complete BlockStatements
158:                 ps.executeUpdate();
159:                 out.println("<p style='color:green;'>Hotel inserted successfully.</p>");
160:             } else if (action.equals("Update")) {
161:                 String sql = String sql = "UPDATE hotels SET hotel_name=?, chain_name=?, hotel_address=?, stars=?::numeric, area=?, category=?, manager_sin=? WHERE hotel_id=?::int";
162: 
163:                 ps = db.prepareStatement(sql);
164:                 ps.setString(1, request.getParameter("update_name"));


An error occurred at line: [161] in the jsp file: [/manageHotels.jsp]
String cannot be resolved to a variable
158:                 ps.executeUpdate();
159:                 out.println("<p style='color:green;'>Hotel inserted successfully.</p>");
160:             } else if (action.equals("Update")) {
161:                 String sql = String sql = "UPDATE hotels SET hotel_name=?, chain_name=?, hotel_address=?, stars=?::numeric, area=?, category=?, manager_sin=? WHERE hotel_id=?::int";
162: 
163:                 ps = db.prepareStatement(sql);
164:                 ps.setString(1, request.getParameter("update_name"));


Stacktrace:] with root cause
	org.apache.jasper.JasperException: Unable to compile class for JSP: 

An error occurred at line: [161] in the jsp file: [/manageHotels.jsp]
Syntax error, insert ":: IdentifierOrNew" to complete ReferenceExpression
158:                 ps.executeUpdate();
159:                 out.println("<p style='color:green;'>Hotel inserted successfully.</p>");
160:             } else if (action.equals("Update")) {
161:                 String sql = String sql = "UPDATE hotels SET hotel_name=?, chain_name=?, hotel_address=?, stars=?::numeric, area=?, category=?, manager_sin=? WHERE hotel_id=?::int";
162: 
163:                 ps = db.prepareStatement(sql);
164:                 ps.setString(1, request.getParameter("update_name"));


An error occurred at line: [161] in the jsp file: [/manageHotels.jsp]
Syntax error, insert ";" to complete BlockStatements
158:                 ps.executeUpdate();
159:                 out.println("<p style='color:green;'>Hotel inserted successfully.</p>");
160:             } else if (action.equals("Update")) {
161:                 String sql = String sql = "UPDATE hotels SET hotel_name=?, chain_name=?, hotel_address=?, stars=?::numeric, area=?, category=?, manager_sin=? WHERE hotel_id=?::int";
162: 
163:                 ps = db.prepareStatement(sql);
164:                 ps.setString(1, request.getParameter("update_name"));


An error occurred at line: [161] in the jsp file: [/manageHotels.jsp]
String cannot be resolved to a variable
158:                 ps.executeUpdate();
159:                 out.println("<p style='color:green;'>Hotel inserted successfully.</p>");
160:             } else if (action.equals("Update")) {
161:                 String sql = String sql = "UPDATE hotels SET hotel_name=?, chain_name=?, hotel_address=?, stars=?::numeric, area=?, category=?, manager_sin=? WHERE hotel_id=?::int";
162: 
163:                 ps = db.prepareStatement(sql);
164:                 ps.setString(1, request.getParameter("update_name"));


Stacktrace:
		at org.apache.jasper.compiler.DefaultErrorHandler.javacError(DefaultErrorHandler.java:72)
		at org.apache.jasper.compiler.ErrorDispatcher.javacError(ErrorDispatcher.java:192)
		at org.apache.jasper.compiler.JDTCompiler.generateClass(JDTCompiler.java:524)
		at org.apache.jasper.compiler.Compiler.compile(Compiler.java:373)
		at org.apache.jasper.compiler.Compiler.compile(Compiler.java:345)
		at org.apache.jasper.compiler.Compiler.compile(Compiler.java:331)
		at org.apache.jasper.JspCompilationContext.compile(JspCompilationContext.java:603)
		at org.apache.jasper.servlet.JspServletWrapper.service(JspServletWrapper.java:396)
		at org.apache.jasper.servlet.JspServlet.serviceJspFile(JspServlet.java:377)
		at org.apache.jasper.servlet.JspServlet.service(JspServlet.java:325)
		at jakarta.servlet.http.HttpServlet.service(HttpServlet.java:658)
		at org.apache.catalina.core.ApplicationFilterChain.internalDoFilter(ApplicationFilterChain.java:195)
		at org.apache.catalina.core.ApplicationFilterChain.doFilter(ApplicationFilterChain.java:140)
		at org.apache.tomcat.websocket.server.WsFilter.doFilter(WsFilter.java:51)
		at org.apache.catalina.core.ApplicationFilterChain.internalDoFilter(ApplicationFilterChain.java:164)
		at org.apache.catalina.core.ApplicationFilterChain.doFilter(ApplicationFilterChain.java:140)
		at org.apache.catalina.core.StandardWrapperValve.invoke(StandardWrapperValve.java:167)
		at org.apache.catalina.core.StandardContextValve.invoke(StandardContextValve.java:90)
		at org.apache.catalina.authenticator.AuthenticatorBase.invoke(AuthenticatorBase.java:483)
		at org.apache.catalina.core.StandardHostValve.invoke(StandardHostValve.java:115)
		at org.apache.catalina.valves.ErrorReportValve.invoke(ErrorReportValve.java:93)
		at org.apache.catalina.valves.AbstractAccessLogValve.invoke(AbstractAccessLogValve.java:670)
		at org.apache.catalina.core.StandardEngineValve.invoke(StandardEngineValve.java:74)
		at org.apache.catalina.connector.CoyoteAdapter.service(CoyoteAdapter.java:344)
		at org.apache.coyote.http11.Http11Processor.service(Http11Processor.java:397)
		at org.apache.coyote.AbstractProcessorLight.process(AbstractProcessorLight.java:63)
		at org.apache.coyote.AbstractProtocol$ConnectionHandler.process(AbstractProtocol.java:905)
		at org.apache.tomcat.util.net.NioEndpoint$SocketProcessor.doRun(NioEndpoint.java:1743)
		at org.apache.tomcat.util.net.SocketProcessorBase.run(SocketProcessorBase.java:52)
		at org.apache.tomcat.util.threads.ThreadPoolExecutor.runWorker(ThreadPoolExecutor.java:1190)
		at org.apache.tomcat.util.threads.ThreadPoolExecutor$Worker.run(ThreadPoolExecutor.java:659)
		at org.apache.tomcat.util.threads.TaskThread$WrappingRunnable.run(TaskThread.java:63)
		at java.base/java.lang.Thread.run(Thread.java:1575)
01-Apr-2025 12:39:13.667 SEVERE [http-nio-8083-exec-6] org.apache.catalina.core.StandardWrapperValve.invoke Servlet.service() for servlet [jsp] in context with path [/wapp2] threw exception [An exception occurred processing [/customer.jsp] at line [239]

236: 
237: 
238:         try {
239:             Class.forName("org.postgresql.Driver");
240:             Connection db = DriverManager.getConnection("jdbc:postgresql://localhost:5432/e_hotel_system", "postgres", "password");
241:             Statement st = db.createStatement();
242:             Statement st2 = db.createStatement();


Stacktrace:] with root cause
	java.lang.ClassNotFoundException: org.postgresql.Driver
		at org.apache.catalina.loader.WebappClassLoaderBase.loadClass(WebappClassLoaderBase.java:1378)
		at org.apache.catalina.loader.WebappClassLoaderBase.loadClass(WebappClassLoaderBase.java:1187)
		at org.apache.jasper.servlet.JasperLoader.loadClass(JasperLoader.java:122)
		at org.apache.jasper.servlet.JasperLoader.loadClass(JasperLoader.java:58)
		at java.base/java.lang.Class.forName0(Native Method)
		at java.base/java.lang.Class.forName(Class.java:462)
		at java.base/java.lang.Class.forName(Class.java:453)
		at org.apache.jsp.customer_jsp._jspService(customer_jsp.java:370)
		at org.apache.jasper.runtime.HttpJspBase.service(HttpJspBase.java:67)
		at jakarta.servlet.http.HttpServlet.service(HttpServlet.java:658)
		at org.apache.jasper.servlet.JspServletWrapper.service(JspServletWrapper.java:456)
		at org.apache.jasper.servlet.JspServlet.serviceJspFile(JspServlet.java:377)
		at org.apache.jasper.servlet.JspServlet.service(JspServlet.java:325)
		at jakarta.servlet.http.HttpServlet.service(HttpServlet.java:658)
		at org.apache.catalina.core.ApplicationFilterChain.internalDoFilter(ApplicationFilterChain.java:195)
		at org.apache.catalina.core.ApplicationFilterChain.doFilter(ApplicationFilterChain.java:140)
		at org.apache.tomcat.websocket.server.WsFilter.doFilter(WsFilter.java:51)
		at org.apache.catalina.core.ApplicationFilterChain.internalDoFilter(ApplicationFilterChain.java:164)
		at org.apache.catalina.core.ApplicationFilterChain.doFilter(ApplicationFilterChain.java:140)
		at org.apache.catalina.core.StandardWrapperValve.invoke(StandardWrapperValve.java:167)
		at org.apache.catalina.core.StandardContextValve.invoke(StandardContextValve.java:90)
		at org.apache.catalina.authenticator.AuthenticatorBase.invoke(AuthenticatorBase.java:483)
		at org.apache.catalina.core.StandardHostValve.invoke(StandardHostValve.java:115)
		at org.apache.catalina.valves.ErrorReportValve.invoke(ErrorReportValve.java:93)
		at org.apache.catalina.valves.AbstractAccessLogValve.invoke(AbstractAccessLogValve.java:670)
		at org.apache.catalina.core.StandardEngineValve.invoke(StandardEngineValve.java:74)
		at org.apache.catalina.connector.CoyoteAdapter.service(CoyoteAdapter.java:344)
		at org.apache.coyote.http11.Http11Processor.service(Http11Processor.java:397)
		at org.apache.coyote.AbstractProcessorLight.process(AbstractProcessorLight.java:63)
		at org.apache.coyote.AbstractProtocol$ConnectionHandler.process(AbstractProtocol.java:905)
		at org.apache.tomcat.util.net.NioEndpoint$SocketProcessor.doRun(NioEndpoint.java:1743)
		at org.apache.tomcat.util.net.SocketProcessorBase.run(SocketProcessorBase.java:52)
		at org.apache.tomcat.util.threads.ThreadPoolExecutor.runWorker(ThreadPoolExecutor.java:1190)
		at org.apache.tomcat.util.threads.ThreadPoolExecutor$Worker.run(ThreadPoolExecutor.java:659)
		at org.apache.tomcat.util.threads.TaskThread$WrappingRunnable.run(TaskThread.java:63)
		at java.base/java.lang.Thread.run(Thread.java:1575)
