31-Mar-2025 18:23:46.986 SEVERE [http-nio-8083-exec-2] org.apache.catalina.core.StandardWrapperValve.invoke Servlet.service() for servlet [jsp] in context with path [/wapp2] threw exception [Unable to compile class for JSP: 

An error occurred at line: [221] in the jsp file: [/index.jsp]
rs2 cannot be resolved
218:         System.out.println("2");
219: 
220:         out.write("<table><tr><th>Area</th><th>Rooms available</th></tr>");
221:         while (rs2.next()) {
222:             out.write("<tr><td>" + rs2.getString(1) + "</td><td>" + rs2.getString(2) + "</td></tr>");
223:         }
224:         out.write("</table>");


An error occurred at line: [222] in the jsp file: [/index.jsp]
rs2 cannot be resolved
219: 
220:         out.write("<table><tr><th>Area</th><th>Rooms available</th></tr>");
221:         while (rs2.next()) {
222:             out.write("<tr><td>" + rs2.getString(1) + "</td><td>" + rs2.getString(2) + "</td></tr>");
223:         }
224:         out.write("</table>");
225:         rs3.next();


An error occurred at line: [222] in the jsp file: [/index.jsp]
rs2 cannot be resolved
219: 
220:         out.write("<table><tr><th>Area</th><th>Rooms available</th></tr>");
221:         while (rs2.next()) {
222:             out.write("<tr><td>" + rs2.getString(1) + "</td><td>" + rs2.getString(2) + "</td></tr>");
223:         }
224:         out.write("</table>");
225:         rs3.next();


Stacktrace:] with root cause
	org.apache.jasper.JasperException: Unable to compile class for JSP: 

An error occurred at line: [221] in the jsp file: [/index.jsp]
rs2 cannot be resolved
218:         System.out.println("2");
219: 
220:         out.write("<table><tr><th>Area</th><th>Rooms available</th></tr>");
221:         while (rs2.next()) {
222:             out.write("<tr><td>" + rs2.getString(1) + "</td><td>" + rs2.getString(2) + "</td></tr>");
223:         }
224:         out.write("</table>");


An error occurred at line: [222] in the jsp file: [/index.jsp]
rs2 cannot be resolved
219: 
220:         out.write("<table><tr><th>Area</th><th>Rooms available</th></tr>");
221:         while (rs2.next()) {
222:             out.write("<tr><td>" + rs2.getString(1) + "</td><td>" + rs2.getString(2) + "</td></tr>");
223:         }
224:         out.write("</table>");
225:         rs3.next();


An error occurred at line: [222] in the jsp file: [/index.jsp]
rs2 cannot be resolved
219: 
220:         out.write("<table><tr><th>Area</th><th>Rooms available</th></tr>");
221:         while (rs2.next()) {
222:             out.write("<tr><td>" + rs2.getString(1) + "</td><td>" + rs2.getString(2) + "</td></tr>");
223:         }
224:         out.write("</table>");
225:         rs3.next();


Stacktrace:
		at org.apache.jasper.compiler.DefaultErrorHandler.javacError(DefaultErrorHandler.java:72)
		at org.apache.jasper.compiler.ErrorDispatcher.javacError(ErrorDispatcher.java:192)
		at org.apache.jasper.compiler.JDTCompiler.generateClass(JDTCompiler.java:524)
		at org.apache.jasper.compiler.Compiler.compile(Compiler.java:373)
		at org.apache.jasper.compiler.Compiler.compile(Compiler.java:345)
		at org.apache.jasper.compiler.Compiler.compile(Compiler.java:331)
		at org.apache.jasper.JspCompilationContext.compile(JspCompilationContext.java:603)
		at org.apache.jasper.servlet.JspServletWrapper.service(JspServletWrapper.java:396)
		at org.apache.jasper.servlet.JspServlet.serviceJspFile(JspServlet.java:377)
		at org.apache.jasper.servlet.JspServlet.service(JspServlet.java:325)
		at jakarta.servlet.http.HttpServlet.service(HttpServlet.java:658)
		at org.apache.catalina.core.ApplicationFilterChain.internalDoFilter(ApplicationFilterChain.java:195)
		at org.apache.catalina.core.ApplicationFilterChain.doFilter(ApplicationFilterChain.java:140)
		at org.apache.tomcat.websocket.server.WsFilter.doFilter(WsFilter.java:51)
		at org.apache.catalina.core.ApplicationFilterChain.internalDoFilter(ApplicationFilterChain.java:164)
		at org.apache.catalina.core.ApplicationFilterChain.doFilter(ApplicationFilterChain.java:140)
		at org.apache.catalina.core.StandardWrapperValve.invoke(StandardWrapperValve.java:167)
		at org.apache.catalina.core.StandardContextValve.invoke(StandardContextValve.java:90)
		at org.apache.catalina.authenticator.AuthenticatorBase.invoke(AuthenticatorBase.java:483)
		at org.apache.catalina.core.StandardHostValve.invoke(StandardHostValve.java:115)
		at org.apache.catalina.valves.ErrorReportValve.invoke(ErrorReportValve.java:93)
		at org.apache.catalina.valves.AbstractAccessLogValve.invoke(AbstractAccessLogValve.java:670)
		at org.apache.catalina.core.StandardEngineValve.invoke(StandardEngineValve.java:74)
		at org.apache.catalina.connector.CoyoteAdapter.service(CoyoteAdapter.java:344)
		at org.apache.coyote.http11.Http11Processor.service(Http11Processor.java:397)
		at org.apache.coyote.AbstractProcessorLight.process(AbstractProcessorLight.java:63)
		at org.apache.coyote.AbstractProtocol$ConnectionHandler.process(AbstractProtocol.java:905)
		at org.apache.tomcat.util.net.NioEndpoint$SocketProcessor.doRun(NioEndpoint.java:1743)
		at org.apache.tomcat.util.net.SocketProcessorBase.run(SocketProcessorBase.java:52)
		at org.apache.tomcat.util.threads.ThreadPoolExecutor.runWorker(ThreadPoolExecutor.java:1190)
		at org.apache.tomcat.util.threads.ThreadPoolExecutor$Worker.run(ThreadPoolExecutor.java:659)
		at org.apache.tomcat.util.threads.TaskThread$WrappingRunnable.run(TaskThread.java:63)
		at java.base/java.lang.Thread.run(Thread.java:1575)
31-Mar-2025 18:25:17.298 SEVERE [http-nio-8083-exec-4] org.apache.catalina.core.StandardWrapperValve.invoke Servlet.service() for servlet [jsp] in context with path [/wapp2] threw exception [An exception occurred processing [/index.jsp] at line [220]

217:         System.out.println("2");
218: 
219:         out.write("<table><tr><th>Area</th><th>Rooms available</th></tr>");
220:         while (rs2.next()) {
221:             out.write("<tr><td>" + rs2.getString(1) + "</td><td>" + rs2.getString(2) + "</td></tr>");
222:         }
223:         out.write("</table>");


Stacktrace:] with root cause
	java.lang.NullPointerException: Cannot invoke "java.sql.ResultSet.next()" because "rs2" is null
		at org.apache.jsp.index_jsp._jspService(index_jsp.java:350)
		at org.apache.jasper.runtime.HttpJspBase.service(HttpJspBase.java:67)
		at jakarta.servlet.http.HttpServlet.service(HttpServlet.java:658)
		at org.apache.jasper.servlet.JspServletWrapper.service(JspServletWrapper.java:456)
		at org.apache.jasper.servlet.JspServlet.serviceJspFile(JspServlet.java:377)
		at org.apache.jasper.servlet.JspServlet.service(JspServlet.java:325)
		at jakarta.servlet.http.HttpServlet.service(HttpServlet.java:658)
		at org.apache.catalina.core.ApplicationFilterChain.internalDoFilter(ApplicationFilterChain.java:195)
		at org.apache.catalina.core.ApplicationFilterChain.doFilter(ApplicationFilterChain.java:140)
		at org.apache.tomcat.websocket.server.WsFilter.doFilter(WsFilter.java:51)
		at org.apache.catalina.core.ApplicationFilterChain.internalDoFilter(ApplicationFilterChain.java:164)
		at org.apache.catalina.core.ApplicationFilterChain.doFilter(ApplicationFilterChain.java:140)
		at org.apache.catalina.core.StandardWrapperValve.invoke(StandardWrapperValve.java:167)
		at org.apache.catalina.core.StandardContextValve.invoke(StandardContextValve.java:90)
		at org.apache.catalina.authenticator.AuthenticatorBase.invoke(AuthenticatorBase.java:483)
		at org.apache.catalina.core.StandardHostValve.invoke(StandardHostValve.java:115)
		at org.apache.catalina.valves.ErrorReportValve.invoke(ErrorReportValve.java:93)
		at org.apache.catalina.valves.AbstractAccessLogValve.invoke(AbstractAccessLogValve.java:670)
		at org.apache.catalina.core.StandardEngineValve.invoke(StandardEngineValve.java:74)
		at org.apache.catalina.connector.CoyoteAdapter.service(CoyoteAdapter.java:344)
		at org.apache.coyote.http11.Http11Processor.service(Http11Processor.java:397)
		at org.apache.coyote.AbstractProcessorLight.process(AbstractProcessorLight.java:63)
		at org.apache.coyote.AbstractProtocol$ConnectionHandler.process(AbstractProtocol.java:905)
		at org.apache.tomcat.util.net.NioEndpoint$SocketProcessor.doRun(NioEndpoint.java:1743)
		at org.apache.tomcat.util.net.SocketProcessorBase.run(SocketProcessorBase.java:52)
		at org.apache.tomcat.util.threads.ThreadPoolExecutor.runWorker(ThreadPoolExecutor.java:1190)
		at org.apache.tomcat.util.threads.ThreadPoolExecutor$Worker.run(ThreadPoolExecutor.java:659)
		at org.apache.tomcat.util.threads.TaskThread$WrappingRunnable.run(TaskThread.java:63)
		at java.base/java.lang.Thread.run(Thread.java:1575)
